<?xml version="1.0" encoding="UTF-8"?>
<TestRun id="0ecff956-7215-452f-9ce6-2b6d45870188" name="vagrant@WIN7PRO64 2014-06-11 15:48:58" runUser="WIN7PRO64\vagrant" xmlns="http://microsoft.com/schemas/VisualStudio/TeamTest/2010">
  <ResultSummary outcome="Failed">
    <Counters total="43" executed="42" passed="14" failed="2" error="3" timeout="5" aborted="7" inconclusive="11" passedButRunAborted="0" notRunnable="0" notExecuted="1" disconnected="0" warning="0" completed="0" inProgress="0" pending="0" />
  </ResultSummary>
  <Times creation="2012-02-19T09:25:24.8479038-05:00" queuing="2012-02-19T09:25:25.1799228-05:00" start="2012-02-19T09:25:25.1234567-05:00" finish="2012-02-19T09:25:26.1234567-05:00" />
</TestRun>
